\BOOKMARK [1][-]{section.1}{\376\377\0001\000\040\000N\000a\000m\000e\000s\000p\000a\000c\000e\000\040\000I\000n\000d\000e\000x}{}% 1
\BOOKMARK [2][-]{subsection.1.1}{\376\377\0001\000.\0001\000\040\000N\000a\000m\000e\000s\000p\000a\000c\000e\000\040\000L\000i\000s\000t}{section.1}% 2
\BOOKMARK [1][-]{section.2}{\376\377\0002\000\040\000C\000l\000a\000s\000s\000\040\000I\000n\000d\000e\000x}{}% 3
\BOOKMARK [2][-]{subsection.2.1}{\376\377\0002\000.\0001\000\040\000C\000l\000a\000s\000s\000\040\000L\000i\000s\000t}{section.2}% 4
\BOOKMARK [1][-]{section.3}{\376\377\0003\000\040\000F\000i\000l\000e\000\040\000I\000n\000d\000e\000x}{}% 5
\BOOKMARK [2][-]{subsection.3.1}{\376\377\0003\000.\0001\000\040\000F\000i\000l\000e\000\040\000L\000i\000s\000t}{section.3}% 6
\BOOKMARK [1][-]{section.4}{\376\377\0004\000\040\000N\000a\000m\000e\000s\000p\000a\000c\000e\000\040\000D\000o\000c\000u\000m\000e\000n\000t\000a\000t\000i\000o\000n}{}% 7
\BOOKMARK [2][-]{subsection.4.1}{\376\377\0004\000.\0001\000\040\000g\000r\000a\000p\000h\000i\000c\000s\000\040\000N\000a\000m\000e\000s\000p\000a\000c\000e\000\040\000R\000e\000f\000e\000r\000e\000n\000c\000e}{section.4}% 8
\BOOKMARK [1][-]{section.5}{\376\377\0005\000\040\000C\000l\000a\000s\000s\000\040\000D\000o\000c\000u\000m\000e\000n\000t\000a\000t\000i\000o\000n}{}% 9
\BOOKMARK [2][-]{subsection.5.1}{\376\377\0005\000.\0001\000\040\000f\000l\000a\000t\000s\000D\000a\000t\000a\000\040\000S\000t\000r\000u\000c\000t\000\040\000R\000e\000f\000e\000r\000e\000n\000c\000e}{section.5}% 10
\BOOKMARK [3][-]{subsubsection.5.1.1}{\376\377\0005\000.\0001\000.\0001\000\040\000D\000e\000t\000a\000i\000l\000e\000d\000\040\000D\000e\000s\000c\000r\000i\000p\000t\000i\000o\000n}{subsection.5.1}% 11
\BOOKMARK [3][-]{subsubsection.5.1.2}{\376\377\0005\000.\0001\000.\0002\000\040\000C\000o\000n\000s\000t\000r\000u\000c\000t\000o\000r\000\040\000\046\000\040\000D\000e\000s\000t\000r\000u\000c\000t\000o\000r\000\040\000D\000o\000c\000u\000m\000e\000n\000t\000a\000t\000i\000o\000n}{subsection.5.1}% 12
\BOOKMARK [3][-]{subsubsection.5.1.3}{\376\377\0005\000.\0001\000.\0003\000\040\000F\000r\000i\000e\000n\000d\000s\000\040\000A\000n\000d\000\040\000R\000e\000l\000a\000t\000e\000d\000\040\000F\000u\000n\000c\000t\000i\000o\000n\000\040\000D\000o\000c\000u\000m\000e\000n\000t\000a\000t\000i\000o\000n}{subsection.5.1}% 13
\BOOKMARK [3][-]{subsubsection.5.1.4}{\376\377\0005\000.\0001\000.\0004\000\040\000M\000e\000m\000b\000e\000r\000\040\000D\000a\000t\000a\000\040\000D\000o\000c\000u\000m\000e\000n\000t\000a\000t\000i\000o\000n}{subsection.5.1}% 14
\BOOKMARK [1][-]{section.6}{\376\377\0006\000\040\000F\000i\000l\000e\000\040\000D\000o\000c\000u\000m\000e\000n\000t\000a\000t\000i\000o\000n}{}% 15
\BOOKMARK [2][-]{subsection.6.1}{\376\377\0006\000.\0001\000\040\000d\000a\000t\000a\000.\000t\000x\000t\000\040\000F\000i\000l\000e\000\040\000R\000e\000f\000e\000r\000e\000n\000c\000e}{section.6}% 16
\BOOKMARK [2][-]{subsection.6.2}{\376\377\0006\000.\0002\000\040\000g\000r\000a\000p\000h\000i\000c\000s\000.\000p\000y\000\040\000F\000i\000l\000e\000\040\000R\000e\000f\000e\000r\000e\000n\000c\000e}{section.6}% 17
\BOOKMARK [3][-]{subsubsection.6.2.1}{\376\377\0006\000.\0002\000.\0001\000\040\000D\000e\000t\000a\000i\000l\000e\000d\000\040\000D\000e\000s\000c\000r\000i\000p\000t\000i\000o\000n}{subsection.6.2}% 18
\BOOKMARK [2][-]{subsection.6.3}{\376\377\0006\000.\0003\000\040\000m\000a\000i\000n\000.\000c\000p\000p\000\040\000F\000i\000l\000e\000\040\000R\000e\000f\000e\000r\000e\000n\000c\000e}{section.6}% 19
\BOOKMARK [2][-]{subsection.6.4}{\376\377\0006\000.\0004\000\040\000o\000u\000t\000p\000u\000t\000.\000t\000x\000t\000\040\000F\000i\000l\000e\000\040\000R\000e\000f\000e\000r\000e\000n\000c\000e}{section.6}% 20
\BOOKMARK [2][-]{subsection.6.5}{\376\377\0006\000.\0005\000\040\000t\000i\000m\000e\000s\000t\000a\000m\000p\000s\000.\000t\000x\000t\000\040\000F\000i\000l\000e\000\040\000R\000e\000f\000e\000r\000e\000n\000c\000e}{section.6}% 21
\BOOKMARK [1][-]{section*.5}{\376\377\000I\000n\000d\000e\000x}{}% 22
